<?xml version="1.0" encoding="UTF-8"?>
<!-- Generated by org.testng.reporters.JUnitXMLReporter -->
<testsuite ignored="9" hostname="PE-HO-275" failures="0" tests="1" name="Default test" time="63.251" errors="0" timestamp="2022-06-30T10:11:39 COT">
  <testcase classname="com.demoautomatizacion.test.ExpedirTest" name="ValidacionLiberado" time="58.338"/>
  <testcase classname="com.demoautomatizacion.test.ExpedirTest" name="busquedaExpedir" time="0.0">
    <ignored/>
  </testcase> <!-- busquedaExpedir -->
  <testcase classname="com.demoautomatizacion.test.ExpedirTest" name="ValidacionMercanciaLiberada" time="0.0">
    <ignored/>
  </testcase> <!-- ValidacionMercanciaLiberada -->
  <testcase classname="com.demoautomatizacion.test.ExpedirTest" name="verExpedir" time="0.0">
    <ignored/>
  </testcase> <!-- verExpedir -->
  <testcase classname="com.demoautomatizacion.test.ExpedirTest" name="CargueValidacion" time="0.0">
    <ignored/>
  </testcase> <!-- CargueValidacion -->
  <testcase classname="com.demoautomatizacion.test.ExpedirTest" name="crearExpedir" time="0.0">
    <ignored/>
  </testcase> <!-- crearExpedir -->
  <testcase classname="com.demoautomatizacion.test.ExpedirTest" name="CargueBodega" time="0.0">
    <ignored/>
  </testcase> <!-- CargueBodega -->
  <testcase classname="com.demoautomatizacion.test.ExpedirTest" name="modificarExpedir" time="0.0">
    <ignored/>
  </testcase> <!-- modificarExpedir -->
  <testcase classname="com.demoautomatizacion.test.ExpedirTest" name="ValidacionTituloLiberado" time="0.0">
    <ignored/>
  </testcase> <!-- ValidacionTituloLiberado -->
  <testcase classname="com.demoautomatizacion.test.ExpedirTest" name="ValidacionCancelado" time="0.0">
    <ignored/>
  </testcase> <!-- ValidacionCancelado -->
</testsuite> <!-- Default test -->
