<?xml version="1.0" encoding="UTF-8"?>
<!-- Generated by org.testng.reporters.JUnitXMLReporter -->
<testsuite ignored="5" hostname="PE-HO-275" failures="0" tests="0" name="Default test" time="172.625" errors="0" timestamp="2022-06-24T10:39:02 COT">
  <testcase classname="com.demoautomatizacion.test.ExpedirTest" name="busquedaExpedir" time="0.0">
    <ignored/>
  </testcase> <!-- busquedaExpedir -->
  <testcase classname="com.demoautomatizacion.test.ExpedirTest" name="verExpedir" time="0.0">
    <ignored/>
  </testcase> <!-- verExpedir -->
  <testcase classname="com.demoautomatizacion.test.ExpedirTest" name="crearExpedir" time="0.0">
    <ignored/>
  </testcase> <!-- crearExpedir -->
  <testcase classname="com.demoautomatizacion.test.ExpedirTest" name="CargueBodega" time="0.0">
    <ignored/>
  </testcase> <!-- CargueBodega -->
  <testcase classname="com.demoautomatizacion.test.ExpedirTest" name="modificarExpedir" time="0.0">
    <ignored/>
  </testcase> <!-- modificarExpedir -->
</testsuite> <!-- Default test -->
