<?xml version="1.0" encoding="UTF-8"?>
<testng-results ignored="0" total="1" passed="1" failed="0" skipped="0">
  <reporter-output>
  </reporter-output>
  <suite started-at="2022-06-16T14:32:35 COT" name="Default suite" finished-at="2022-06-16T14:35:19 COT" duration-ms="163256">
    <groups>
    </groups>
    <test started-at="2022-06-16T14:32:35 COT" name="Default test" finished-at="2022-06-16T14:35:19 COT" duration-ms="163256">
      <class name="com.demoautomatizacion.test.LiberacionMercanciaTest">
        <test-method is-config="true" signature="inicializar()[pri:0, instance:com.demoautomatizacion.test.LiberacionMercanciaTest@6a0ac48e]" started-at="2022-06-16T14:32:35 COT" name="inicializar" finished-at="2022-06-16T14:32:39 COT" duration-ms="3222" status="PASS">
          <reporter-output>
          </reporter-output>
        </test-method> <!-- inicializar -->
        <test-method signature="liberacion()[pri:0, instance:com.demoautomatizacion.test.LiberacionMercanciaTest@6a0ac48e]" started-at="2022-06-16T14:32:39 COT" name="liberacion" finished-at="2022-06-16T14:35:18 COT" duration-ms="159556" status="PASS">
          <reporter-output>
          </reporter-output>
        </test-method> <!-- liberacion -->
        <test-method is-config="true" signature="tearDown()[pri:0, instance:com.demoautomatizacion.test.LiberacionMercanciaTest@6a0ac48e]" started-at="2022-06-16T14:35:18 COT" name="tearDown" finished-at="2022-06-16T14:35:19 COT" duration-ms="199" status="PASS">
          <reporter-output>
          </reporter-output>
        </test-method> <!-- tearDown -->
      </class> <!-- com.demoautomatizacion.test.LiberacionMercanciaTest -->
    </test> <!-- Default test -->
  </suite> <!-- Default suite -->
</testng-results>
